  main.cpp
C:\Users\rev93\Desktop\ЛЭТИ\6 семестр\Компьютерная графика\laba 1\main.cpp(16,24): warning C4244: аргумент: преобразование "int" в "T", возможна потеря данных
          with
          [
              T=float
          ]
C:\Users\rev93\Desktop\ЛЭТИ\6 семестр\Компьютерная графика\laba 1\main.cpp(17,28): warning C4244: аргумент: преобразование "int" в "T", возможна потеря данных
          with
          [
              T=float
          ]
C:\Users\rev93\Desktop\ЛЭТИ\6 семестр\Компьютерная графика\laba 1\main.cpp(17,21): warning C4244: аргумент: преобразование "int" в "T", возможна потеря данных
          with
          [
              T=float
          ]
C:\Users\rev93\Desktop\ЛЭТИ\6 семестр\Компьютерная графика\laba 1\main.cpp(21,21): warning C4244: аргумент: преобразование "int" в "T", возможна потеря данных
          with
          [
              T=float
          ]
C:\Users\rev93\Desktop\ЛЭТИ\6 семестр\Компьютерная графика\laba 1\main.cpp(22,25): warning C4244: аргумент: преобразование "int" в "T", возможна потеря данных
          with
          [
              T=float
          ]
C:\Users\rev93\Desktop\ЛЭТИ\6 семестр\Компьютерная графика\laba 1\main.cpp(22,21): warning C4244: аргумент: преобразование "int" в "T", возможна потеря данных
          with
          [
              T=float
          ]
C:\Users\rev93\Desktop\ЛЭТИ\6 семестр\Компьютерная графика\laba 1\main.cpp(84,37): warning C4244: аргумент: преобразование "double" в "T", возможна потеря данных
          with
          [
              T=float
          ]
C:\Users\rev93\Desktop\ЛЭТИ\6 семестр\Компьютерная графика\laba 1\main.cpp(84,21): warning C4244: аргумент: преобразование "double" в "T", возможна потеря данных
          with
          [
              T=float
          ]
C:\Users\rev93\Desktop\ЛЭТИ\6 семестр\Компьютерная графика\laba 1\main.cpp(114,25): warning C4244: аргумент: преобразование "double" в "float", возможна потеря данных
C:\Users\rev93\Desktop\ЛЭТИ\6 семестр\Компьютерная графика\laba 1\main.cpp(114,38): warning C4244: аргумент: преобразование "double" в "float", возможна потеря данных
C:\Users\rev93\Desktop\ЛЭТИ\6 семестр\Компьютерная графика\laba 1\main.cpp(116,56): warning C4244: аргумент: преобразование "double" в "T", возможна потеря данных
          with
          [
              T=float
          ]
C:\Users\rev93\Desktop\ЛЭТИ\6 семестр\Компьютерная графика\laba 1\main.cpp(116,42): warning C4244: аргумент: преобразование "double" в "T", возможна потеря данных
          with
          [
              T=float
          ]
C:\Users\rev93\Desktop\ЛЭТИ\6 семестр\Компьютерная графика\laba 1\main.cpp(117,56): warning C4244: аргумент: преобразование "double" в "T", возможна потеря данных
          with
          [
              T=float
          ]
C:\Users\rev93\Desktop\ЛЭТИ\6 семестр\Компьютерная графика\laba 1\main.cpp(117,42): warning C4244: аргумент: преобразование "double" в "T", возможна потеря данных
          with
          [
              T=float
          ]
C:\Users\rev93\Desktop\ЛЭТИ\6 семестр\Компьютерная графика\laba 1\main.cpp(160,34): warning C4244: аргумент: преобразование "double" в "float", возможна потеря данных
C:\Users\rev93\Desktop\ЛЭТИ\6 семестр\Компьютерная графика\laba 1\main.cpp(162,34): warning C4244: аргумент: преобразование "double" в "float", возможна потеря данных
C:\Users\rev93\Desktop\ЛЭТИ\6 семестр\Компьютерная графика\laba 1\main.cpp(164,34): warning C4244: аргумент: преобразование "double" в "float", возможна потеря данных
C:\Users\rev93\Desktop\ЛЭТИ\6 семестр\Компьютерная графика\laba 1\main.cpp(166,34): warning C4244: аргумент: преобразование "double" в "float", возможна потеря данных
C:\Users\rev93\Desktop\ЛЭТИ\6 семестр\Компьютерная графика\laba 1\main.cpp(186,27): warning C4018: <: несоответствие типов со знаком и без знака
C:\Users\rev93\Desktop\ЛЭТИ\6 семестр\Компьютерная графика\laba 1\main.cpp(206,27): warning C4018: <: несоответствие типов со знаком и без знака
C:\Users\rev93\Desktop\ЛЭТИ\6 семестр\Компьютерная графика\laba 1\main.cpp(207,35): warning C4018: <: несоответствие типов со знаком и без знака
C:\Users\rev93\Desktop\ЛЭТИ\6 семестр\Компьютерная графика\laba 1\main.cpp(215,27): warning C4018: <: несоответствие типов со знаком и без знака
  laba 1.vcxproj -> C:\Users\rev93\Desktop\ЛЭТИ\6 семестр\Компьютерная графика\laba 1\Debug\laba 1.exe
