  main.cpp
C:\Users\rev93\Desktop\ЛЭТИ\6 семестр\Компьютерная графика\Лаба 3\main.cpp(16,24): warning C4244: аргумент: преобразование "int" в "T", возможна потеря данных
          with
          [
              T=float
          ]
C:\Users\rev93\Desktop\ЛЭТИ\6 семестр\Компьютерная графика\Лаба 3\main.cpp(17,28): warning C4244: аргумент: преобразование "int" в "T", возможна потеря данных
          with
          [
              T=float
          ]
C:\Users\rev93\Desktop\ЛЭТИ\6 семестр\Компьютерная графика\Лаба 3\main.cpp(17,21): warning C4244: аргумент: преобразование "int" в "T", возможна потеря данных
          with
          [
              T=float
          ]
C:\Users\rev93\Desktop\ЛЭТИ\6 семестр\Компьютерная графика\Лаба 3\main.cpp(21,21): warning C4244: аргумент: преобразование "int" в "T", возможна потеря данных
          with
          [
              T=float
          ]
C:\Users\rev93\Desktop\ЛЭТИ\6 семестр\Компьютерная графика\Лаба 3\main.cpp(22,25): warning C4244: аргумент: преобразование "int" в "T", возможна потеря данных
          with
          [
              T=float
          ]
C:\Users\rev93\Desktop\ЛЭТИ\6 семестр\Компьютерная графика\Лаба 3\main.cpp(22,21): warning C4244: аргумент: преобразование "int" в "T", возможна потеря данных
          with
          [
              T=float
          ]
C:\Users\rev93\Desktop\ЛЭТИ\6 семестр\Компьютерная графика\Лаба 3\main.cpp(32,27): warning C4018: <: несоответствие типов со знаком и без знака
C:\Users\rev93\Desktop\ЛЭТИ\6 семестр\Компьютерная графика\Лаба 3\main.cpp(34,39): warning C4018: <: несоответствие типов со знаком и без знака
C:\Users\rev93\Desktop\ЛЭТИ\6 семестр\Компьютерная графика\Лаба 3\main.cpp(68,51): warning C4244: аргумент: преобразование "_Ty" в "T", возможна потеря данных
          with
          [
              _Ty=double
          ]
          and
          [
              T=float
          ]
C:\Users\rev93\Desktop\ЛЭТИ\6 семестр\Компьютерная графика\Лаба 3\main.cpp(68,40): warning C4244: аргумент: преобразование "_Ty" в "T", возможна потеря данных
          with
          [
              _Ty=double
          ]
          and
          [
              T=float
          ]
C:\Users\rev93\Desktop\ЛЭТИ\6 семестр\Компьютерная графика\Лаба 3\main.cpp(68,29): warning C4244: аргумент: преобразование "_Ty" в "T", возможна потеря данных
          with
          [
              _Ty=double
          ]
          and
          [
              T=float
          ]
C:\Users\rev93\Desktop\ЛЭТИ\6 семестр\Компьютерная графика\Лаба 3\main.cpp(73,23): warning C4018: <: несоответствие типов со знаком и без знака
C:\Users\rev93\Desktop\ЛЭТИ\6 семестр\Компьютерная графика\Лаба 3\main.cpp(74,27): warning C4018: <: несоответствие типов со знаком и без знака
C:\Users\rev93\Desktop\ЛЭТИ\6 семестр\Компьютерная графика\Лаба 3\main.cpp(96,40): warning C4305: +=: усечение из "double" в "float"
C:\Users\rev93\Desktop\ЛЭТИ\6 семестр\Компьютерная графика\Лаба 3\main.cpp(98,44): warning C4305: +=: усечение из "double" в "float"
C:\Users\rev93\Desktop\ЛЭТИ\6 семестр\Компьютерная графика\Лаба 3\main.cpp(143,27): warning C4018: <: несоответствие типов со знаком и без знака
C:\Users\rev93\Desktop\ЛЭТИ\6 семестр\Компьютерная графика\Лаба 3\main.cpp(147,31): warning C4018: <: несоответствие типов со знаком и без знака
  Лаба 3.vcxproj -> C:\Users\rev93\Desktop\ЛЭТИ\6 семестр\Компьютерная графика\Лаба 3\Debug\Лаба 3.exe
